{"message":"unresolved import `crate::Attribut`","code":{"code":"E0432","explanation":"An import was unresolved.\n\nErroneous code example:\n\n```compile_fail,E0432\nuse something::Foo; // error: unresolved import `something::Foo`.\n```\n\nIn Rust 2015, paths in `use` statements are relative to the crate root. To\nimport items relative to the current and parent modules, use the `self::` and\n`super::` prefixes, respectively.\n\nIn Rust 2018, paths in `use` statements are relative to the current module\nunless they begin with the name of a crate or a literal `crate::`, in which\ncase they start from the crate root. As in Rust 2015 code, the `self::` and\n`super::` prefixes refer to the current and parent modules respectively.\n\nAlso verify that you didn't misspell the import name and that the import exists\nin the module from where you tried to import it. Example:\n\n```\nuse self::something::Foo; // Ok.\n\nmod something {\n    pub struct Foo;\n}\n# fn main() {}\n```\n\nIf you tried to use a module from an external crate and are using Rust 2015,\nyou may have missed the `extern crate` declaration (which is usually placed in\nthe crate root):\n\n```edition2015\nextern crate core; // Required to use the `core` crate in Rust 2015.\n\nuse core::any;\n# fn main() {}\n```\n\nIn Rust 2018 the `extern crate` declaration is not required and you can instead\njust `use` it:\n\n```edition2018\nuse core::any; // No extern crate required in Rust 2018.\n# fn main() {}\n```\n"},"level":"error","spans":[{"file_name":"src/lib.rs","byte_start":598,"byte_end":613,"line_start":33,"line_end":33,"column_start":9,"column_end":24,"is_primary":true,"text":[{"text":"    use crate::Attribut;","highlight_start":9,"highlight_end":24}],"label":"no `Attribut` in the root","suggested_replacement":null,"suggestion_applicability":null,"expansion":null}],"children":[{"message":"a similar name exists in the module","code":null,"level":"help","spans":[{"file_name":"src/lib.rs","byte_start":605,"byte_end":613,"line_start":33,"line_end":33,"column_start":16,"column_end":24,"is_primary":true,"text":[{"text":"    use crate::Attribut;","highlight_start":16,"highlight_end":24}],"label":null,"suggested_replacement":"Attribute","suggestion_applicability":"MaybeIncorrect","expansion":null}],"children":[],"rendered":null}],"rendered":"\u001b[0m\u001b[1m\u001b[38;5;9merror[E0432]\u001b[0m\u001b[0m\u001b[1m: unresolved import `crate::Attribut`\u001b[0m\n\u001b[0m  \u001b[0m\u001b[0m\u001b[1m\u001b[38;5;12m--> \u001b[0m\u001b[0msrc/lib.rs:33:9\u001b[0m\n\u001b[0m   \u001b[0m\u001b[0m\u001b[1m\u001b[38;5;12m|\u001b[0m\n\u001b[0m\u001b[1m\u001b[38;5;12m33\u001b[0m\u001b[0m \u001b[0m\u001b[0m\u001b[1m\u001b[38;5;12m| \u001b[0m\u001b[0m    use crate::Attribut;\u001b[0m\n\u001b[0m   \u001b[0m\u001b[0m\u001b[1m\u001b[38;5;12m| \u001b[0m\u001b[0m        \u001b[0m\u001b[0m\u001b[1m\u001b[38;5;9m^^^^^^^\u001b[0m\u001b[0m\u001b[1m\u001b[38;5;12m--------\u001b[0m\n\u001b[0m   \u001b[0m\u001b[0m\u001b[1m\u001b[38;5;12m| \u001b[0m\u001b[0m        \u001b[0m\u001b[0m\u001b[1m\u001b[38;5;9m|\u001b[0m\u001b[0m      \u001b[0m\u001b[0m\u001b[1m\u001b[38;5;12m|\u001b[0m\n\u001b[0m   \u001b[0m\u001b[0m\u001b[1m\u001b[38;5;12m| \u001b[0m\u001b[0m        \u001b[0m\u001b[0m\u001b[1m\u001b[38;5;9m|\u001b[0m\u001b[0m      \u001b[0m\u001b[0m\u001b[1m\u001b[38;5;12mhelp: a similar name exists in the module: `Attribute`\u001b[0m\n\u001b[0m   \u001b[0m\u001b[0m\u001b[1m\u001b[38;5;12m| \u001b[0m\u001b[0m        \u001b[0m\u001b[0m\u001b[1m\u001b[38;5;9mno `Attribut` in the root\u001b[0m\n\n"}
{"message":"expected type, found crate `Attribute`","code":{"code":"E0573","explanation":"Something other than a type has been used when one was expected.\n\nErroneous code examples:\n\n```compile_fail,E0573\nenum Dragon {\n    Born,\n}\n\nfn oblivion() -> Dragon::Born { // error!\n    Dragon::Born\n}\n\nconst HOBBIT: u32 = 2;\nimpl HOBBIT {} // error!\n\nenum Wizard {\n    Gandalf,\n    Saruman,\n}\n\ntrait Isengard {\n    fn wizard(_: Wizard::Saruman); // error!\n}\n```\n\nIn all these errors, a type was expected. For example, in the first error, if\nwe want to return the `Born` variant from the `Dragon` enum, we must set the\nfunction to return the enum and not its variant:\n\n```\nenum Dragon {\n    Born,\n}\n\nfn oblivion() -> Dragon { // ok!\n    Dragon::Born\n}\n```\n\nIn the second error, you can't implement something on an item, only on types.\nWe would need to create a new type if we wanted to do something similar:\n\n```\nstruct Hobbit(u32); // we create a new type\n\nconst HOBBIT: Hobbit = Hobbit(2);\nimpl Hobbit {} // ok!\n```\n\nIn the third case, we tried to only expect one variant of the `Wizard` enum,\nwhich is not possible. To make this work, we need to using pattern matching\nover the `Wizard` enum:\n\n```\nenum Wizard {\n    Gandalf,\n    Saruman,\n}\n\ntrait Isengard {\n    fn wizard(w: Wizard) { // ok!\n        match w {\n            Wizard::Saruman => {\n                // do something\n            }\n            _ => {} // ignore everything else\n        }\n    }\n}\n```\n"},"level":"error","spans":[{"file_name":"src/lib.rs","byte_start":119,"byte_end":128,"line_start":6,"line_end":6,"column_start":25,"column_end":34,"is_primary":true,"text":[{"text":"    body:HashMap<String,Attribute>,","highlight_start":25,"highlight_end":34}],"label":"not a type","suggested_replacement":null,"suggestion_applicability":null,"expansion":null}],"children":[],"rendered":"\u001b[0m\u001b[1m\u001b[38;5;9merror[E0573]\u001b[0m\u001b[0m\u001b[1m: expected type, found crate `Attribute`\u001b[0m\n\u001b[0m \u001b[0m\u001b[0m\u001b[1m\u001b[38;5;12m--> \u001b[0m\u001b[0msrc/lib.rs:6:25\u001b[0m\n\u001b[0m  \u001b[0m\u001b[0m\u001b[1m\u001b[38;5;12m|\u001b[0m\n\u001b[0m\u001b[1m\u001b[38;5;12m6\u001b[0m\u001b[0m \u001b[0m\u001b[0m\u001b[1m\u001b[38;5;12m| \u001b[0m\u001b[0m    body:HashMap<String,Attribute>,\u001b[0m\n\u001b[0m  \u001b[0m\u001b[0m\u001b[1m\u001b[38;5;12m| \u001b[0m\u001b[0m                        \u001b[0m\u001b[0m\u001b[1m\u001b[38;5;9m^^^^^^^^^\u001b[0m\u001b[0m \u001b[0m\u001b[0m\u001b[1m\u001b[38;5;9mnot a type\u001b[0m\n\n"}
{"message":"expected type, found crate `Attribute`","code":{"code":"E0573","explanation":"Something other than a type has been used when one was expected.\n\nErroneous code examples:\n\n```compile_fail,E0573\nenum Dragon {\n    Born,\n}\n\nfn oblivion() -> Dragon::Born { // error!\n    Dragon::Born\n}\n\nconst HOBBIT: u32 = 2;\nimpl HOBBIT {} // error!\n\nenum Wizard {\n    Gandalf,\n    Saruman,\n}\n\ntrait Isengard {\n    fn wizard(_: Wizard::Saruman); // error!\n}\n```\n\nIn all these errors, a type was expected. For example, in the first error, if\nwe want to return the `Born` variant from the `Dragon` enum, we must set the\nfunction to return the enum and not its variant:\n\n```\nenum Dragon {\n    Born,\n}\n\nfn oblivion() -> Dragon { // ok!\n    Dragon::Born\n}\n```\n\nIn the second error, you can't implement something on an item, only on types.\nWe would need to create a new type if we wanted to do something similar:\n\n```\nstruct Hobbit(u32); // we create a new type\n\nconst HOBBIT: Hobbit = Hobbit(2);\nimpl Hobbit {} // ok!\n```\n\nIn the third case, we tried to only expect one variant of the `Wizard` enum,\nwhich is not possible. To make this work, we need to using pattern matching\nover the `Wizard` enum:\n\n```\nenum Wizard {\n    Gandalf,\n    Saruman,\n}\n\ntrait Isengard {\n    fn wizard(w: Wizard) { // ok!\n        match w {\n            Wizard::Saruman => {\n                // do something\n            }\n            _ => {} // ignore everything else\n        }\n    }\n}\n```\n"},"level":"error","spans":[{"file_name":"src/lib.rs","byte_start":322,"byte_end":331,"line_start":17,"line_end":17,"column_start":53,"column_end":62,"is_primary":true,"text":[{"text":"    pub fn addAttribut(&self,label:String, attribut:Attribute){","highlight_start":53,"highlight_end":62}],"label":"not a type","suggested_replacement":null,"suggestion_applicability":null,"expansion":null}],"children":[],"rendered":"\u001b[0m\u001b[1m\u001b[38;5;9merror[E0573]\u001b[0m\u001b[0m\u001b[1m: expected type, found crate `Attribute`\u001b[0m\n\u001b[0m  \u001b[0m\u001b[0m\u001b[1m\u001b[38;5;12m--> \u001b[0m\u001b[0msrc/lib.rs:17:53\u001b[0m\n\u001b[0m   \u001b[0m\u001b[0m\u001b[1m\u001b[38;5;12m|\u001b[0m\n\u001b[0m\u001b[1m\u001b[38;5;12m17\u001b[0m\u001b[0m \u001b[0m\u001b[0m\u001b[1m\u001b[38;5;12m| \u001b[0m\u001b[0m    pub fn addAttribut(&self,label:String, attribut:Attribute){\u001b[0m\n\u001b[0m   \u001b[0m\u001b[0m\u001b[1m\u001b[38;5;12m| \u001b[0m\u001b[0m                                                    \u001b[0m\u001b[0m\u001b[1m\u001b[38;5;9m^^^^^^^^^\u001b[0m\u001b[0m \u001b[0m\u001b[0m\u001b[1m\u001b[38;5;9mnot a type\u001b[0m\n\n"}
{"message":"cannot find value `lable` in this scope","code":{"code":"E0425","explanation":"An unresolved name was used.\n\nErroneous code examples:\n\n```compile_fail,E0425\nsomething_that_doesnt_exist::foo;\n// error: unresolved name `something_that_doesnt_exist::foo`\n\n// or:\n\ntrait Foo {\n    fn bar() {\n        Self; // error: unresolved name `Self`\n    }\n}\n\n// or:\n\nlet x = unknown_variable;  // error: unresolved name `unknown_variable`\n```\n\nPlease verify that the name wasn't misspelled and ensure that the\nidentifier being referred to is valid for the given situation. Example:\n\n```\nenum something_that_does_exist {\n    Foo,\n}\n```\n\nOr:\n\n```\nmod something_that_does_exist {\n    pub static foo : i32 = 0i32;\n}\n\nsomething_that_does_exist::foo; // ok!\n```\n\nOr:\n\n```\nlet unknown_variable = 12u32;\nlet x = unknown_variable; // ok!\n```\n\nIf the item is not defined in the current module, it must be imported using a\n`use` statement, like so:\n\n```\n# mod foo { pub fn bar() {} }\n# fn main() {\nuse foo::bar;\nbar();\n# }\n```\n\nIf the item you are importing is not defined in some super-module of the\ncurrent module, then it must also be declared as public (e.g., `pub fn`).\n"},"level":"error","spans":[{"file_name":"src/lib.rs","byte_start":359,"byte_end":364,"line_start":18,"line_end":18,"column_start":26,"column_end":31,"is_primary":true,"text":[{"text":"        self.body.insert(lable, attribut);","highlight_start":26,"highlight_end":31}],"label":"not found in this scope","suggested_replacement":null,"suggestion_applicability":null,"expansion":null}],"children":[],"rendered":"\u001b[0m\u001b[1m\u001b[38;5;9merror[E0425]\u001b[0m\u001b[0m\u001b[1m: cannot find value `lable` in this scope\u001b[0m\n\u001b[0m  \u001b[0m\u001b[0m\u001b[1m\u001b[38;5;12m--> \u001b[0m\u001b[0msrc/lib.rs:18:26\u001b[0m\n\u001b[0m   \u001b[0m\u001b[0m\u001b[1m\u001b[38;5;12m|\u001b[0m\n\u001b[0m\u001b[1m\u001b[38;5;12m18\u001b[0m\u001b[0m \u001b[0m\u001b[0m\u001b[1m\u001b[38;5;12m| \u001b[0m\u001b[0m        self.body.insert(lable, attribut);\u001b[0m\n\u001b[0m   \u001b[0m\u001b[0m\u001b[1m\u001b[38;5;12m| \u001b[0m\u001b[0m                         \u001b[0m\u001b[0m\u001b[1m\u001b[38;5;9m^^^^^\u001b[0m\u001b[0m \u001b[0m\u001b[0m\u001b[1m\u001b[38;5;9mnot found in this scope\u001b[0m\n\n"}
{"message":"no method named `contains_key` found for reference `&Product` in the current scope","code":{"code":"E0599","explanation":"This error occurs when a method is used on a type which doesn't implement it:\n\nErroneous code example:\n\n```compile_fail,E0599\nstruct Mouth;\n\nlet x = Mouth;\nx.chocolate(); // error: no method named `chocolate` found for type `Mouth`\n               //        in the current scope\n```\n\nIn this case, you need to implement the `chocolate` method to fix the error:\n\n```\nstruct Mouth;\n\nimpl Mouth {\n    fn chocolate(&self) { // We implement the `chocolate` method here.\n        println!(\"Hmmm! I love chocolate!\");\n    }\n}\n\nlet x = Mouth;\nx.chocolate(); // ok!\n```\n"},"level":"error","spans":[{"file_name":"src/lib.rs","byte_start":532,"byte_end":544,"line_start":24,"line_end":24,"column_start":21,"column_end":33,"is_primary":true,"text":[{"text":"        return self.contains_key(label);","highlight_start":21,"highlight_end":33}],"label":"method not found in `&Product`","suggested_replacement":null,"suggestion_applicability":null,"expansion":null}],"children":[],"rendered":"\u001b[0m\u001b[1m\u001b[38;5;9merror[E0599]\u001b[0m\u001b[0m\u001b[1m: no method named `contains_key` found for reference `&Product` in the current scope\u001b[0m\n\u001b[0m  \u001b[0m\u001b[0m\u001b[1m\u001b[38;5;12m--> \u001b[0m\u001b[0msrc/lib.rs:24:21\u001b[0m\n\u001b[0m   \u001b[0m\u001b[0m\u001b[1m\u001b[38;5;12m|\u001b[0m\n\u001b[0m\u001b[1m\u001b[38;5;12m24\u001b[0m\u001b[0m \u001b[0m\u001b[0m\u001b[1m\u001b[38;5;12m| \u001b[0m\u001b[0m        return self.contains_key(label);\u001b[0m\n\u001b[0m   \u001b[0m\u001b[0m\u001b[1m\u001b[38;5;12m| \u001b[0m\u001b[0m                    \u001b[0m\u001b[0m\u001b[1m\u001b[38;5;9m^^^^^^^^^^^^\u001b[0m\u001b[0m \u001b[0m\u001b[0m\u001b[1m\u001b[38;5;9mmethod not found in `&Product`\u001b[0m\n\n"}
{"message":"type annotations needed","code":{"code":"E0283","explanation":"An implementation cannot be chosen unambiguously because of lack of information.\n\nErroneous code example:\n\n```compile_fail,E0283\ntrait Generator {\n    fn create() -> u32;\n}\n\nstruct Impl;\n\nimpl Generator for Impl {\n    fn create() -> u32 { 1 }\n}\n\nstruct AnotherImpl;\n\nimpl Generator for AnotherImpl {\n    fn create() -> u32 { 2 }\n}\n\nfn main() {\n    let cont: u32 = Generator::create();\n    // error, impossible to choose one of Generator trait implementation\n    // Should it be Impl or AnotherImpl, maybe something else?\n}\n```\n\nThis error can be solved by adding type annotations that provide the missing\ninformation to the compiler. In this case, the solution is to use a concrete\ntype:\n\n```\ntrait Generator {\n    fn create() -> u32;\n}\n\nstruct AnotherImpl;\n\nimpl Generator for AnotherImpl {\n    fn create() -> u32 { 2 }\n}\n\nfn main() {\n    let gen1 = AnotherImpl::create();\n\n    // if there are multiple methods with same name (different traits)\n    let gen2 = <AnotherImpl as Generator>::create();\n}\n```\n"},"level":"error","spans":[{"file_name":"src/lib.rs","byte_start":99,"byte_end":129,"line_start":6,"line_end":6,"column_start":5,"column_end":35,"is_primary":true,"text":[{"text":"    body:HashMap<String,Attribute>,","highlight_start":5,"highlight_end":35}],"label":"cannot infer type","suggested_replacement":null,"suggestion_applicability":null,"expansion":{"span":{"file_name":"src/lib.rs","byte_start":55,"byte_end":62,"line_start":3,"line_end":3,"column_start":10,"column_end":17,"is_primary":false,"text":[{"text":"#[derive(Default)]","highlight_start":10,"highlight_end":17}],"label":null,"suggested_replacement":null,"suggestion_applicability":null,"expansion":null},"macro_decl_name":"#[derive(Default)]","def_site_span":{"file_name":"/Users/steffen/.rustup/toolchains/stable-aarch64-apple-darwin/lib/rustlib/src/rust/library/core/src/default.rs","byte_start":3973,"byte_end":4034,"line_start":168,"line_end":170,"column_start":1,"column_end":2,"is_primary":false,"text":[{"text":"pub macro Default($item:item) {","highlight_start":1,"highlight_end":1},{"text":"    /* compiler built-in */","highlight_start":1,"highlight_end":1},{"text":"}","highlight_start":1,"highlight_end":2}],"label":null,"suggested_replacement":null,"suggestion_applicability":null,"expansion":null}}}],"children":[{"message":"cannot satisfy `_: Default`","code":null,"level":"note","spans":[],"children":[],"rendered":null}],"rendered":"\u001b[0m\u001b[1m\u001b[38;5;9merror[E0283]\u001b[0m\u001b[0m\u001b[1m: type annotations needed\u001b[0m\n\u001b[0m \u001b[0m\u001b[0m\u001b[1m\u001b[38;5;12m--> \u001b[0m\u001b[0msrc/lib.rs:6:5\u001b[0m\n\u001b[0m  \u001b[0m\u001b[0m\u001b[1m\u001b[38;5;12m|\u001b[0m\n\u001b[0m\u001b[1m\u001b[38;5;12m3\u001b[0m\u001b[0m \u001b[0m\u001b[0m\u001b[1m\u001b[38;5;12m| \u001b[0m\u001b[0m#[derive(Default)]\u001b[0m\n\u001b[0m  \u001b[0m\u001b[0m\u001b[1m\u001b[38;5;12m| \u001b[0m\u001b[0m         \u001b[0m\u001b[0m\u001b[1m\u001b[38;5;12m-------\u001b[0m\u001b[0m \u001b[0m\u001b[0m\u001b[1m\u001b[38;5;12min this derive macro expansion\u001b[0m\n\u001b[0m\u001b[1m\u001b[38;5;12m...\u001b[0m\n\u001b[0m\u001b[1m\u001b[38;5;12m6\u001b[0m\u001b[0m \u001b[0m\u001b[0m\u001b[1m\u001b[38;5;12m| \u001b[0m\u001b[0m    body:HashMap<String,Attribute>,\u001b[0m\n\u001b[0m  \u001b[0m\u001b[0m\u001b[1m\u001b[38;5;12m| \u001b[0m\u001b[0m    \u001b[0m\u001b[0m\u001b[1m\u001b[38;5;9m^^^^^^^^^^^^^^^^^^^^^^^^^^^^^^\u001b[0m\u001b[0m \u001b[0m\u001b[0m\u001b[1m\u001b[38;5;9mcannot infer type\u001b[0m\n\u001b[0m  \u001b[0m\u001b[0m\u001b[1m\u001b[38;5;12m|\u001b[0m\n\u001b[0m  \u001b[0m\u001b[0m\u001b[1m\u001b[38;5;12m= \u001b[0m\u001b[0m\u001b[1mnote\u001b[0m\u001b[0m: cannot satisfy `_: Default`\u001b[0m\n\u001b[0m  \u001b[0m\u001b[0m\u001b[1m\u001b[38;5;12m= \u001b[0m\u001b[0m\u001b[1mnote\u001b[0m\u001b[0m: this error originates in the derive macro `Default` (in Nightly builds, run with -Z macro-backtrace for more info)\u001b[0m\n\n"}
{"message":"aborting due to 6 previous errors","code":null,"level":"error","spans":[],"children":[],"rendered":"\u001b[0m\u001b[1m\u001b[38;5;9merror\u001b[0m\u001b[0m\u001b[1m: aborting due to 6 previous errors\u001b[0m\n\n"}
{"message":"Some errors have detailed explanations: E0283, E0425, E0432, E0573, E0599.","code":null,"level":"failure-note","spans":[],"children":[],"rendered":"\u001b[0m\u001b[1mSome errors have detailed explanations: E0283, E0425, E0432, E0573, E0599.\u001b[0m\n"}
{"message":"For more information about an error, try `rustc --explain E0283`.","code":null,"level":"failure-note","spans":[],"children":[],"rendered":"\u001b[0m\u001b[1mFor more information about an error, try `rustc --explain E0283`.\u001b[0m\n"}
